01:33:09 PM: INFO [logger_base.py: 12] Mensaje a nivel info
01:33:09 PM: WARNING [logger_base.py: 13] Mensaje a nivel warning
01:33:09 PM: ERROR [logger_base.py: 14] Mensaje a nivel error
01:33:09 PM: CRITICAL [logger_base.py: 15] Mensaje a nivel critical
02:10:03 PM: INFO [empleados.py: 45] 
            Cliente: Juan Perez,
            Empresa: Bancomer,
            Sueldo: 334.0
        
02:10:52 PM: INFO [empleados.py: 45] 
            Cliente: Juan Perez,
            Empresa: Bancomer,
            Sueldo: 334.0
        
02:10:52 PM: INFO [empleados.py: 45] 
            Cliente: Carlos Limon,
            Empresa: Santander,
            Sueldo: 334.0
        
02:12:06 PM: INFO [menu.py: 28] Fin del programa...
02:12:27 PM: INFO [empleados.py: 11] Se agrego un empleado exitosamente
02:13:23 PM: INFO [menu.py: 28] Fin del programa...
02:14:32 PM: INFO [empleados.py: 11] Se agrego un empleado exitosamente
02:14:38 PM: INFO [empleados.py: 46] 
            Cliente: Juan Perez
            Empresa: Bancomer
            Sueldo: 334.0
        
02:14:38 PM: INFO [empleados.py: 46] 
            Cliente: Carlos Limon
            Empresa: Santander
            Sueldo: 334.0
        
02:14:38 PM: INFO [empleados.py: 46] 
            Cliente: Kevin Limon
            Empresa: Bancomer
            Sueldo: 4838402.0
        
02:14:38 PM: INFO [empleados.py: 46] 
            Cliente: Kevin Limon
            Empresa: Santander
            Sueldo: 33400.44
        
02:16:27 PM: INFO [empleados.py: 46] 
            Cliente: Juan Perez
            Empresa: Bancomer
            Sueldo: 334.0
        
02:16:27 PM: INFO [empleados.py: 46] 
            Cliente: Carlos Limon
            Empresa: Santander
            Sueldo: 334.0
        
02:16:27 PM: INFO [empleados.py: 46] 
            Cliente: Kevin Limon
            Empresa: Bancomer
            Sueldo: 4838402.0
        
02:16:27 PM: INFO [empleados.py: 46] 
            Cliente: Kevin Limon
            Empresa: Santander
            Sueldo: 33400.44
        
02:27:35 PM: INFO [menu.py: 29] Fin del programa...
02:27:43 PM: INFO [empleados.py: 46] 
            Cliente: Juan Perez
            Empresa: Bancomer
            Sueldo: 334.0
        
02:27:43 PM: INFO [empleados.py: 46] 
            Cliente: Carlos Limon
            Empresa: Santander
            Sueldo: 334.0
        
02:27:43 PM: INFO [empleados.py: 46] 
            Cliente: Kevin Limon
            Empresa: Bancomer
            Sueldo: 4838402.0
        
02:27:43 PM: INFO [empleados.py: 46] 
            Cliente: Kevin Limon
            Empresa: Santander
            Sueldo: 33400.44
        
02:29:47 PM: INFO [menu.py: 29] Fin del programa...
02:29:53 PM: INFO [empleados.py: 46] 
            Cliente: Juan Perez
            Empresa: Bancomer
            Sueldo: 334.0
        
02:29:53 PM: INFO [empleados.py: 46] 
            Cliente: Carlos Limon
            Empresa: Santander
            Sueldo: 334.0
        
02:29:53 PM: INFO [empleados.py: 46] 
            Cliente: Kevin Limon
            Empresa: Bancomer
            Sueldo: 4838402.0
        
02:29:53 PM: INFO [empleados.py: 46] 
            Cliente: Kevin Limon
            Empresa: Santander
            Sueldo: 33400.44
        
02:30:08 PM: INFO [empleados.py: 55] Empleado no encontrado
02:30:54 PM: INFO [empleados.py: 55] Empleado no encontrado
02:31:04 PM: INFO [empleados.py: 55] Empleado no encontrado
02:33:21 PM: INFO [menu.py: 29] Fin del programa...
02:33:29 PM: INFO [empleados.py: 55] Empleado no encontrado
02:33:29 PM: INFO [empleados.py: 56] Empleado: Juan
02:33:46 PM: INFO [empleados.py: 52] Nombre: Juan
02:35:15 PM: INFO [menu.py: 29] Fin del programa...
02:35:35 PM: INFO [empleados.py: 52] Nombre: Kevin
02:37:05 PM: INFO [menu.py: 29] Fin del programa...
02:37:13 PM: INFO [empleados.py: 52] Nombre: Kevin Limon /n Bancomer 4838402.0
02:37:54 PM: INFO [menu.py: 29] Fin del programa...
02:38:06 PM: INFO [empleados.py: 52] Nombre: Kevin Limon 
 Empresa: Bancomer Sueldo: 4838402.0
02:40:54 PM: INFO [menu.py: 29] Fin del programa...
06:28:57 PM: INFO [empleados.py: 11] Se agrego un empleado exitosamente
06:30:21 PM: INFO [empleados.py: 46] 
            Cliente: Juan Perez
            Empresa: Bancomer
            Sueldo: 334.0
        
06:30:21 PM: INFO [empleados.py: 46] 
            Cliente: Carlos Limon
            Empresa: Santander
            Sueldo: 334.0
        
06:30:21 PM: INFO [empleados.py: 46] 
            Cliente: Kevin Limon
            Empresa: Bancomer
            Sueldo: 4838402.0
        
06:30:21 PM: INFO [empleados.py: 46] 
            Cliente: Kevin Limon
            Empresa: Santander
            Sueldo: 33400.44
        
06:30:21 PM: INFO [empleados.py: 46] 
            Cliente: Cielo Romero
            Empresa: IBM
            Sueldo: 4500.0
        
06:31:55 PM: INFO [empleados.py: 52] Nombre: Cielo Romero 
 Empresa: IBM Sueldo: 4500.0
06:32:30 PM: INFO [menu.py: 26] Fin del programa...
06:33:39 PM: INFO [empleados.py: 52] Nombre: Cielo Romero 
 Empresa: IBM Sueldo: 4500.0
